[debug] [2022-12-27T14:09:07.306Z] ----------------------------------------------------------------------
[debug] [2022-12-27T14:09:07.307Z] Command:       C:\Program Files\nodejs\node.exe C:\Users\HTCM\AppData\Roaming\npm\node_modules\firebase-tools\lib\bin\firebase.js login
[debug] [2022-12-27T14:09:07.307Z] CLI Version:   11.19.0
[debug] [2022-12-27T14:09:07.308Z] Platform:      win32
[debug] [2022-12-27T14:09:07.308Z] Node Version:  v16.15.1
[debug] [2022-12-27T14:09:07.313Z] Time:          Tue Dec 27 2022 20:09:07 GMT+0600 (Bangladesh Standard Time)
[debug] [2022-12-27T14:09:07.313Z] ----------------------------------------------------------------------
[debug] 
[debug] [2022-12-27T14:09:07.316Z] >>> [apiv2][query] GET https://firebase-public.firebaseio.com/cli.json [none]
[info] Already logged in as rumelchow340@gmail.com
[debug] [2022-12-27T14:09:08.462Z] <<< [apiv2][status] GET https://firebase-public.firebaseio.com/cli.json 200
[debug] [2022-12-27T14:09:08.463Z] <<< [apiv2][body] GET https://firebase-public.firebaseio.com/cli.json {"cloudBuildErrorAfter":1594252800000,"cloudBuildWarnAfter":1590019200000,"defaultNode10After":1594252800000,"minVersion":"3.0.5","node8DeploysDisabledAfter":1613390400000,"node8RuntimeDisabledAfter":1615809600000,"node8WarnAfter":1600128000000}
[debug] [2022-12-27T14:09:14.000Z] Error: Timed out.
    at Timeout._onTimeout (C:\Users\HTCM\AppData\Roaming\npm\node_modules\firebase-tools\lib\utils.js:253:49)
    at listOnTimeout (node:internal/timers:559:17)
    at processTimers (node:internal/timers:502:7)
[error] 
[error] Error: An unexpected error has occurred.
[debug] [2022-12-27T14:09:20.333Z] ----------------------------------------------------------------------
[debug] [2022-12-27T14:09:20.334Z] Command:       C:\Program Files\nodejs\node.exe C:\Users\HTCM\AppData\Roaming\npm\node_modules\firebase-tools\lib\bin\firebase.js init
[debug] [2022-12-27T14:09:20.335Z] CLI Version:   11.19.0
[debug] [2022-12-27T14:09:20.335Z] Platform:      win32
[debug] [2022-12-27T14:09:20.335Z] Node Version:  v16.15.1
[debug] [2022-12-27T14:09:20.336Z] Time:          Tue Dec 27 2022 20:09:20 GMT+0600 (Bangladesh Standard Time)
[debug] [2022-12-27T14:09:20.336Z] ----------------------------------------------------------------------
[debug] 
[debug] [2022-12-27T14:09:20.341Z] > command requires scopes: ["email","openid","https://www.googleapis.com/auth/cloudplatformprojects.readonly","https://www.googleapis.com/auth/firebase","https://www.googleapis.com/auth/cloud-platform"]
[debug] [2022-12-27T14:09:20.341Z] > authorizing via signed-in user (rumelchow340@gmail.com)
[info] 
     ######## #### ########  ######## ########     ###     ######  ########
     ##        ##  ##     ## ##       ##     ##  ##   ##  ##       ##
     ######    ##  ########  ######   ########  #########  ######  ######
     ##        ##  ##    ##  ##       ##     ## ##     ##       ## ##
     ##       #### ##     ## ######## ########  ##     ##  ######  ########

You're about to initialize a Firebase project in this directory:

  D:\final\my-chating

